<?xml version="1.0" encoding="UTF-8"?>
<testsuite xmlns:xsi="http://www.w3.org/2001/XMLSchema-instance" xsi:noNamespaceSchemaLocation="https://maven.apache.org/surefire/maven-surefire-plugin/xsd/surefire-test-report.xsd" name="cn.itcast.redisdemo.RedisDemoApplicationTests" time="24.947" tests="1" errors="1" skipped="0" failures="0">
  <properties>
[...]
</properties>
  <testcase name="contextLoads" classname="cn.itcast.redisdemo.RedisDemoApplicationTests" time="21.252">
    <error message="Unable to connect to Redis; nested exception is io.lettuce.core.RedisConnectionException: Cannot connect to a Redis Sentinel: [RedisURI [host=&apos;192.168.19.128&apos;, port=27001], RedisURI [host=&apos;192.168.19.128&apos;, port=27002]]" type="org.springframework.data.redis.RedisConnectionFailureException">org.springframework.data.redis.RedisConnectionFailureException: Unable to connect to Redis; nested exception is io.lettuce.core.RedisConnectionException: Cannot connect to a Redis Sentinel: [RedisURI [host='192.168.19.128', port=27001], RedisURI [host='192.168.19.128', port=27002]]
	at cn.itcast.redisdemo.RedisDemoApplicationTests.contextLoads(RedisDemoApplicationTests.java:16)
Caused by: io.lettuce.core.RedisConnectionException: Cannot connect to a Redis Sentinel: [RedisURI [host='192.168.19.128', port=27001], RedisURI [host='192.168.19.128', port=27002]]
	at cn.itcast.redisdemo.RedisDemoApplicationTests.contextLoads(RedisDemoApplicationTests.java:16)
Caused by: io.lettuce.core.RedisConnectionException: Cannot connect Redis Sentinel at RedisURI [host='192.168.19.128', port=27002]
Caused by: io.netty.channel.ConnectTimeoutException: connection timed out: /192.168.19.128:27002
</error>
    <system-out><![CDATA[22:30:28.565 [main] DEBUG org.springframework.test.context.BootstrapUtils - Instantiating CacheAwareContextLoaderDelegate from class [org.springframework.test.context.cache.DefaultCacheAwareContextLoaderDelegate]
22:30:28.578 [main] DEBUG org.springframework.test.context.BootstrapUtils - Instantiating BootstrapContext using constructor [public org.springframework.test.context.support.DefaultBootstrapContext(java.lang.Class,org.springframework.test.context.CacheAwareContextLoaderDelegate)]
22:30:28.609 [main] DEBUG org.springframework.test.context.BootstrapUtils - Instantiating TestContextBootstrapper for test class [cn.itcast.redisdemo.RedisDemoApplicationTests] from class [org.springframework.boot.test.context.SpringBootTestContextBootstrapper]
22:30:28.625 [main] INFO org.springframework.boot.test.context.SpringBootTestContextBootstrapper - Neither @ContextConfiguration nor @ContextHierarchy found for test class [cn.itcast.redisdemo.RedisDemoApplicationTests], using SpringBootContextLoader
22:30:28.630 [main] DEBUG org.springframework.test.context.support.AbstractContextLoader - Did not detect default resource location for test class [cn.itcast.redisdemo.RedisDemoApplicationTests]: class path resource [cn/itcast/redisdemo/RedisDemoApplicationTests-context.xml] does not exist
22:30:28.631 [main] DEBUG org.springframework.test.context.support.AbstractContextLoader - Did not detect default resource location for test class [cn.itcast.redisdemo.RedisDemoApplicationTests]: class path resource [cn/itcast/redisdemo/RedisDemoApplicationTestsContext.groovy] does not exist
22:30:28.631 [main] INFO org.springframework.test.context.support.AbstractContextLoader - Could not detect default resource locations for test class [cn.itcast.redisdemo.RedisDemoApplicationTests]: no resource found for suffixes {-context.xml, Context.groovy}.
22:30:28.631 [main] INFO org.springframework.test.context.support.AnnotationConfigContextLoaderUtils - Could not detect default configuration classes for test class [cn.itcast.redisdemo.RedisDemoApplicationTests]: RedisDemoApplicationTests does not declare any static, non-private, non-final, nested classes annotated with @Configuration.
22:30:28.691 [main] DEBUG org.springframework.test.context.support.ActiveProfilesUtils - Could not find an 'annotation declaring class' for annotation type [org.springframework.test.context.ActiveProfiles] and class [cn.itcast.redisdemo.RedisDemoApplicationTests]
22:30:28.767 [main] DEBUG org.springframework.context.annotation.ClassPathScanningCandidateComponentProvider - Identified candidate component class: file [D:\WorkSpace\JavaWorkSpace\dianping\redis-demo\target\classes\cn\itcast\redisdemo\RedisDemoApplication.class]
22:30:28.768 [main] INFO org.springframework.boot.test.context.SpringBootTestContextBootstrapper - Found @SpringBootConfiguration cn.itcast.redisdemo.RedisDemoApplication for test class cn.itcast.redisdemo.RedisDemoApplicationTests
22:30:28.889 [main] DEBUG org.springframework.boot.test.context.SpringBootTestContextBootstrapper - @TestExecutionListeners is not present for class [cn.itcast.redisdemo.RedisDemoApplicationTests]: using defaults.
22:30:28.890 [main] INFO org.springframework.boot.test.context.SpringBootTestContextBootstrapper - Loaded default TestExecutionListener class names from location [META-INF/spring.factories]: [org.springframework.boot.test.mock.mockito.MockitoTestExecutionListener, org.springframework.boot.test.mock.mockito.ResetMocksTestExecutionListener, org.springframework.boot.test.autoconfigure.restdocs.RestDocsTestExecutionListener, org.springframework.boot.test.autoconfigure.web.client.MockRestServiceServerResetTestExecutionListener, org.springframework.boot.test.autoconfigure.web.servlet.MockMvcPrintOnlyOnFailureTestExecutionListener, org.springframework.boot.test.autoconfigure.web.servlet.WebDriverTestExecutionListener, org.springframework.boot.test.autoconfigure.webservices.client.MockWebServiceServerTestExecutionListener, org.springframework.test.context.web.ServletTestExecutionListener, org.springframework.test.context.support.DirtiesContextBeforeModesTestExecutionListener, org.springframework.test.context.support.DependencyInjectionTestExecutionListener, org.springframework.test.context.support.DirtiesContextTestExecutionListener, org.springframework.test.context.transaction.TransactionalTestExecutionListener, org.springframework.test.context.jdbc.SqlScriptsTestExecutionListener, org.springframework.test.context.event.EventPublishingTestExecutionListener]
22:30:28.915 [main] INFO org.springframework.boot.test.context.SpringBootTestContextBootstrapper - Using TestExecutionListeners: [org.springframework.test.context.web.ServletTestExecutionListener@44040454, org.springframework.test.context.support.DirtiesContextBeforeModesTestExecutionListener@65fe9e33, org.springframework.boot.test.mock.mockito.MockitoTestExecutionListener@18bc345, org.springframework.boot.test.autoconfigure.SpringBootDependencyInjectionTestExecutionListener@42f8285e, org.springframework.test.context.support.DirtiesContextTestExecutionListener@26bab2f1, org.springframework.test.context.transaction.TransactionalTestExecutionListener@3724af13, org.springframework.test.context.jdbc.SqlScriptsTestExecutionListener@68ead359, org.springframework.test.context.event.EventPublishingTestExecutionListener@6b53bcc2, org.springframework.boot.test.mock.mockito.ResetMocksTestExecutionListener@180da663, org.springframework.boot.test.autoconfigure.restdocs.RestDocsTestExecutionListener@a43ce46, org.springframework.boot.test.autoconfigure.web.client.MockRestServiceServerResetTestExecutionListener@340da44c, org.springframework.boot.test.autoconfigure.web.servlet.MockMvcPrintOnlyOnFailureTestExecutionListener@424ebba3, org.springframework.boot.test.autoconfigure.web.servlet.WebDriverTestExecutionListener@37052337, org.springframework.boot.test.autoconfigure.webservices.client.MockWebServiceServerTestExecutionListener@2320fa6f]
22:30:28.922 [main] DEBUG org.springframework.test.context.support.AbstractDirtiesContextTestExecutionListener - Before test class: context [DefaultTestContext@366c4480 testClass = RedisDemoApplicationTests, testInstance = [null], testMethod = [null], testException = [null], mergedContextConfiguration = [WebMergedContextConfiguration@2c7b5824 testClass = RedisDemoApplicationTests, locations = '{}', classes = '{class cn.itcast.redisdemo.RedisDemoApplication}', contextInitializerClasses = '[]', activeProfiles = '{}', propertySourceLocations = '{}', propertySourceProperties = '{org.springframework.boot.test.context.SpringBootTestContextBootstrapper=true}', contextCustomizers = set[org.springframework.boot.test.context.filter.ExcludeFilterContextCustomizer@238d68ff, org.springframework.boot.test.json.DuplicateJsonObjectContextCustomizerFactory$DuplicateJsonObjectContextCustomizer@4149c063, org.springframework.boot.test.mock.mockito.MockitoContextCustomizer@0, org.springframework.boot.test.web.client.TestRestTemplateContextCustomizer@264f218, org.springframework.boot.test.autoconfigure.properties.PropertyMappingContextCustomizer@0, org.springframework.boot.test.autoconfigure.web.servlet.WebDriverContextCustomizerFactory$Customizer@19976a65, org.springframework.boot.test.context.SpringBootTestArgs@1, org.springframework.boot.test.context.SpringBootTestWebEnvironment@9225652], resourceBasePath = 'src/main/webapp', contextLoader = 'org.springframework.boot.test.context.SpringBootContextLoader', parent = [null]], attributes = map['org.springframework.test.context.web.ServletTestExecutionListener.activateListener' -> true]], class annotated with @DirtiesContext [false] with mode [null].
22:30:28.966 [main] DEBUG org.springframework.test.context.support.TestPropertySourceUtils - Adding inlined properties to environment: {spring.jmx.enabled=false, org.springframework.boot.test.context.SpringBootTestContextBootstrapper=true}

  .   ____          _            __ _ _
 /\\ / ___'_ __ _ _(_)_ __  __ _ \ \ \ \
( ( )\___ | '_ | '_| | '_ \/ _` | \ \ \ \
 \\/  ___)| |_)| | | | | || (_| |  ) ) ) )
  '  |____| .__|_| |_|_| |_\__, | / / / /
 =========|_|==============|___/=/_/_/_/
 :: Spring Boot ::        (v2.3.9.RELEASE)

12-02 22:30:29:385  INFO 32668 --- [           main] c.i.redisdemo.RedisDemoApplicationTests  : Starting RedisDemoApplicationTests on DESKTOP-G5GKKEN with PID 32668 (started by 30434 in D:\WorkSpace\JavaWorkSpace\dianping\redis-demo)
12-02 22:30:29:387  INFO 32668 --- [           main] c.i.redisdemo.RedisDemoApplicationTests  : No active profile set, falling back to default profiles: default
12-02 22:30:30:109  INFO 32668 --- [           main] .s.d.r.c.RepositoryConfigurationDelegate : Multiple Spring Data modules found, entering strict repository configuration mode!
12-02 22:30:30:112  INFO 32668 --- [           main] .s.d.r.c.RepositoryConfigurationDelegate : Bootstrapping Spring Data Redis repositories in DEFAULT mode.
12-02 22:30:30:141  INFO 32668 --- [           main] .s.d.r.c.RepositoryConfigurationDelegate : Finished Spring Data repository scanning in 13ms. Found 0 Redis repository interfaces.
12-02 22:30:30:497 DEBUG 32668 --- [           main] i.l.c.resource.DefaultClientResources    : -Dio.netty.eventLoopThreads: 12
12-02 22:30:30:506 DEBUG 32668 --- [           main] i.l.c.r.DefaultEventLoopGroupProvider    : Creating executor io.netty.util.concurrent.DefaultEventExecutorGroup
12-02 22:30:30:730 DEBUG 32668 --- [           main] i.l.c.resource.DefaultClientResources    : LatencyUtils/HdrUtils are not available, metrics are disabled
12-02 22:30:31:637  INFO 32668 --- [           main] o.s.s.concurrent.ThreadPoolTaskExecutor  : Initializing ExecutorService 'applicationTaskExecutor'
12-02 22:30:32:110  INFO 32668 --- [           main] c.i.redisdemo.RedisDemoApplicationTests  : Started RedisDemoApplicationTests in 3.134 seconds (JVM running for 4.332)
12-02 22:30:32:560 DEBUG 32668 --- [           main] io.lettuce.core.RedisClient              : Trying to get a Redis connection for: RedisURI [sentinels=[RedisURI [host='192.168.19.128', port=27001], RedisURI [host='192.168.19.128', port=27002]], sentinelMasterId=mymaster]
12-02 22:30:32:694 DEBUG 32668 --- [           main] io.lettuce.core.EpollProvider            : Starting without optional epoll library
12-02 22:30:32:696 DEBUG 32668 --- [           main] io.lettuce.core.KqueueProvider           : Starting without optional kqueue library
12-02 22:30:32:699 DEBUG 32668 --- [           main] i.l.c.r.DefaultEventLoopGroupProvider    : Allocating executor io.netty.channel.nio.NioEventLoopGroup
12-02 22:30:32:700 DEBUG 32668 --- [           main] i.l.c.r.DefaultEventLoopGroupProvider    : Creating executor io.netty.channel.nio.NioEventLoopGroup
12-02 22:30:32:941 DEBUG 32668 --- [           main] i.l.c.r.DefaultEventLoopGroupProvider    : Adding reference to io.netty.channel.nio.NioEventLoopGroup@2a42019a, existing ref count 0
12-02 22:30:32:955 DEBUG 32668 --- [           main] io.lettuce.core.RedisClient              : Connecting to Redis using Sentinels [RedisURI [host='192.168.19.128', port=27001], RedisURI [host='192.168.19.128', port=27002]], MasterId mymaster
12-02 22:30:32:958 DEBUG 32668 --- [           main] io.lettuce.core.RedisClient              : Trying to get a Redis Sentinel connection for one of: [RedisURI [host='192.168.19.128', port=27001], RedisURI [host='192.168.19.128', port=27002]]
12-02 22:30:32:968 DEBUG 32668 --- [           main] io.lettuce.core.RedisClient              : Connecting to Redis Sentinel, address: RedisURI [host='192.168.19.128', port=27001]
12-02 22:30:32:969 DEBUG 32668 --- [           main] io.lettuce.core.RedisClient              : Resolved SocketAddress 192.168.19.128:27001 using RedisURI [host='192.168.19.128', port=27001]
12-02 22:30:32:969 DEBUG 32668 --- [           main] io.lettuce.core.RedisClient              : Connecting to Redis at 192.168.19.128:27001
12-02 22:30:33:286 DEBUG 32668 --- [ioEventLoop-4-1] io.lettuce.core.protocol.CommandHandler  : [channel=0x9676ff40, [id: 0xd624b17d] (inactive), chid=0x1] channelRegistered()
12-02 22:30:43:307 DEBUG 32668 --- [ioEventLoop-4-1] io.lettuce.core.RedisClient              : Connecting to Redis at 192.168.19.128:27001: 192.168.19.128:27001

io.netty.channel.ConnectTimeoutException: connection timed out: /192.168.19.128:27001
	at io.netty.channel.nio.AbstractNioChannel$AbstractNioUnsafe$1.run(AbstractNioChannel.java:261) ~[netty-transport-4.1.59.Final.jar:4.1.59.Final]
	at io.netty.util.concurrent.PromiseTask.runTask(PromiseTask.java:98) ~[netty-common-4.1.59.Final.jar:4.1.59.Final]
	at io.netty.util.concurrent.ScheduledFutureTask.run(ScheduledFutureTask.java:170) ~[netty-common-4.1.59.Final.jar:4.1.59.Final]
	at io.netty.util.concurrent.AbstractEventExecutor.safeExecute(AbstractEventExecutor.java:164) ~[netty-common-4.1.59.Final.jar:4.1.59.Final]
	at io.netty.util.concurrent.SingleThreadEventExecutor.runAllTasks(SingleThreadEventExecutor.java:472) ~[netty-common-4.1.59.Final.jar:4.1.59.Final]
	at io.netty.channel.nio.NioEventLoop.run(NioEventLoop.java:500) ~[netty-transport-4.1.59.Final.jar:4.1.59.Final]
	at io.netty.util.concurrent.SingleThreadEventExecutor$4.run(SingleThreadEventExecutor.java:989) ~[netty-common-4.1.59.Final.jar:4.1.59.Final]
	at io.netty.util.internal.ThreadExecutorMap$2.run(ThreadExecutorMap.java:74) ~[netty-common-4.1.59.Final.jar:4.1.59.Final]
	at io.netty.util.concurrent.FastThreadLocalRunnable.run(FastThreadLocalRunnable.java:30) ~[netty-common-4.1.59.Final.jar:4.1.59.Final]
	at java.base/java.lang.Thread.run(Thread.java:834) ~[na:na]

12-02 22:30:43:309  WARN 32668 --- [ioEventLoop-4-1] io.lettuce.core.RedisClient              : Cannot connect Redis Sentinel at RedisURI [host='192.168.19.128', port=27001]: java.util.concurrent.CompletionException: io.netty.channel.ConnectTimeoutException: connection timed out: /192.168.19.128:27001
12-02 22:30:43:310 DEBUG 32668 --- [ioEventLoop-4-1] io.lettuce.core.RedisChannelHandler      : close()
12-02 22:30:43:310 DEBUG 32668 --- [ioEventLoop-4-1] io.lettuce.core.RedisChannelHandler      : closeAsync()
12-02 22:30:43:310 DEBUG 32668 --- [ioEventLoop-4-1] i.lettuce.core.protocol.DefaultEndpoint  : [unknown, epid=0x2] closeAsync()
12-02 22:30:43:316 DEBUG 32668 --- [ioEventLoop-4-1] io.lettuce.core.RedisClient              : Connecting to Redis Sentinel, address: RedisURI [host='192.168.19.128', port=27002]
12-02 22:30:43:316 DEBUG 32668 --- [ioEventLoop-4-1] io.lettuce.core.RedisClient              : Resolved SocketAddress 192.168.19.128:27002 using RedisURI [host='192.168.19.128', port=27002]
12-02 22:30:43:316 DEBUG 32668 --- [ioEventLoop-4-1] io.lettuce.core.RedisClient              : Connecting to Redis at 192.168.19.128:27002
12-02 22:30:43:318 DEBUG 32668 --- [ioEventLoop-4-1] io.lettuce.core.protocol.CommandHandler  : [channel=0x9676ff40, [id: 0xd624b17d] (inactive), chid=0x1] channelUnregistered()
12-02 22:30:43:331 DEBUG 32668 --- [ioEventLoop-4-2] io.lettuce.core.protocol.CommandHandler  : [channel=0x7ea56c0e, [id: 0x2c8ff997] (inactive), chid=0x2] channelRegistered()
12-02 22:30:53:338 DEBUG 32668 --- [ioEventLoop-4-2] io.lettuce.core.RedisClient              : Connecting to Redis at 192.168.19.128:27002: 192.168.19.128:27002

io.netty.channel.ConnectTimeoutException: connection timed out: /192.168.19.128:27002
	at io.netty.channel.nio.AbstractNioChannel$AbstractNioUnsafe$1.run(AbstractNioChannel.java:261) ~[netty-transport-4.1.59.Final.jar:4.1.59.Final]
	at io.netty.util.concurrent.PromiseTask.runTask(PromiseTask.java:98) ~[netty-common-4.1.59.Final.jar:4.1.59.Final]
	at io.netty.util.concurrent.ScheduledFutureTask.run(ScheduledFutureTask.java:170) ~[netty-common-4.1.59.Final.jar:4.1.59.Final]
	at io.netty.util.concurrent.AbstractEventExecutor.safeExecute(AbstractEventExecutor.java:164) ~[netty-common-4.1.59.Final.jar:4.1.59.Final]
	at io.netty.util.concurrent.SingleThreadEventExecutor.runAllTasks(SingleThreadEventExecutor.java:472) ~[netty-common-4.1.59.Final.jar:4.1.59.Final]
	at io.netty.channel.nio.NioEventLoop.run(NioEventLoop.java:500) ~[netty-transport-4.1.59.Final.jar:4.1.59.Final]
	at io.netty.util.concurrent.SingleThreadEventExecutor$4.run(SingleThreadEventExecutor.java:989) ~[netty-common-4.1.59.Final.jar:4.1.59.Final]
	at io.netty.util.internal.ThreadExecutorMap$2.run(ThreadExecutorMap.java:74) ~[netty-common-4.1.59.Final.jar:4.1.59.Final]
	at io.netty.util.concurrent.FastThreadLocalRunnable.run(FastThreadLocalRunnable.java:30) ~[netty-common-4.1.59.Final.jar:4.1.59.Final]
	at java.base/java.lang.Thread.run(Thread.java:834) ~[na:na]

12-02 22:30:53:339  WARN 32668 --- [ioEventLoop-4-2] io.lettuce.core.RedisClient              : Cannot connect Redis Sentinel at RedisURI [host='192.168.19.128', port=27002]: java.util.concurrent.CompletionException: io.netty.channel.ConnectTimeoutException: connection timed out: /192.168.19.128:27002
12-02 22:30:53:340 DEBUG 32668 --- [ioEventLoop-4-2] io.lettuce.core.RedisChannelHandler      : close()
12-02 22:30:53:340 DEBUG 32668 --- [ioEventLoop-4-2] io.lettuce.core.RedisChannelHandler      : closeAsync()
12-02 22:30:53:340 DEBUG 32668 --- [ioEventLoop-4-2] i.lettuce.core.protocol.DefaultEndpoint  : [unknown, epid=0x3] closeAsync()
12-02 22:30:53:353 DEBUG 32668 --- [ioEventLoop-4-2] io.lettuce.core.RedisChannelHandler      : close()
12-02 22:30:53:354 DEBUG 32668 --- [ioEventLoop-4-2] io.lettuce.core.RedisChannelHandler      : closeAsync()
12-02 22:30:53:354 DEBUG 32668 --- [ioEventLoop-4-2] i.lettuce.core.protocol.DefaultEndpoint  : [unknown, epid=0x1] closeAsync()
12-02 22:30:53:354 DEBUG 32668 --- [ioEventLoop-4-2] io.lettuce.core.protocol.CommandHandler  : [channel=0x7ea56c0e, [id: 0x2c8ff997] (inactive), chid=0x2] channelUnregistered()
]]></system-out>
  </testcase>
</testsuite>